============================= test session starts ==============================
platform linux -- Python 3.11.15, pytest-8.2.2, pluggy-1.6.0 -- /opt/hostedtoolcache/Python/3.11.15/x64/bin/python
cachedir: .pytest_cache
metadata: {'Python': '3.11.15', 'Platform': 'Linux-6.17.0-1018-azure-x86_64-with-glibc2.39', 'Packages': {'pytest': '8.2.2', 'pluggy': '1.6.0'}, 'Plugins': {'json-report': '1.5.0', 'metadata': '3.1.1', 'html': '4.2.0'}, 'CI': 'true', 'JAVA_HOME': '/usr/lib/jvm/temurin-17-jdk-amd64'}
rootdir: /home/runner/work/neuro-behavioral-drift/neuro-behavioral-drift
plugins: json-report-1.5.0, metadata-3.1.1, html-4.2.0
collecting ... collected 3 items

tests/test_registration.py::test_valid_registration FAILED               [ 33%]
tests/test_registration.py::test_registration_existing_user FAILED       [ 66%]
tests/test_registration.py::test_registration_empty_fields PASSED        [100%]

=================================== FAILURES ===================================
___________________________ test_valid_registration ____________________________

browser = <selenium.webdriver.chrome.webdriver.WebDriver (session="55a49bfd5023d6801f60f4795f2567d9")>

    def test_valid_registration(browser):
        """Test registering a new user."""
        browser.get("http://localhost:5173/")
        browser.execute_script("window.localStorage.clear();")
        browser.get("http://localhost:5173/login")
        time.sleep(1)
    
        # Ensure we are on registration mode
        toggles = browser.find_elements("xpath", "//button[contains(text(), 'Register now')]")
        if toggles:
            toggles[0].click()
            time.sleep(0.5)
    
        browser.find_element("xpath", "//input[@name='full_name']").send_keys("Test User")
    
        unique_username = f"testuser_{uuid.uuid4().hex[:6]}"
        browser.find_element("xpath", "//input[@name='username']").send_keys(unique_username)
        browser.find_element("xpath", "//input[@name='email']").send_keys(f"{unique_username}@example.com")
        browser.find_element("xpath", "//input[@name='password']").send_keys("password123")
        browser.find_element("xpath", "//input[@name='confirmPassword']").send_keys("password123")
        browser.find_element("xpath", "//input[@name='privacy_consent']").click()
    
        submit_btn = browser.find_element("xpath", "//button[@type='submit']")
        submit_btn.click()
    
        # Assert successful registration redirects to dashboard
>       WebDriverWait(browser, 10).until(EC.url_contains("dashboard"))

tests/test_registration.py:32: 
_ _ _ _ _ _ _ _ _ _ _ _ _ _ _ _ _ _ _ _ _ _ _ _ _ _ _ _ _ _ _ _ _ _ _ _ _ _ _ _ 

self = <selenium.webdriver.support.wait.WebDriverWait (session="55a49bfd5023d6801f60f4795f2567d9")>
method = <function url_contains.<locals>._predicate at 0x7f64e9206660>
message = ''

    def until(self, method: Callable[[D], Literal[False] | T], message: str = "") -> T:
        """Wait until the method returns a value that is not False.
    
        Calls the method provided with the driver as an argument until the
        return value does not evaluate to ``False``.
    
        Args:
            method: A callable object that takes a WebDriver instance as an
                argument.
            message: Optional message for TimeoutException.
    
        Returns:
            The result of the last call to `method`.
    
        Raises:
            TimeoutException: If 'method' does not return a truthy value within
                the WebDriverWait object's timeout.
    
        Example:
            >>> from selenium.webdriver.common.by import By
            >>> from selenium.webdriver.support.ui import WebDriverWait
            >>> from selenium.webdriver.support import expected_conditions as EC
            >>>
            >>> # Wait until an element is visible on the page
            >>> wait = WebDriverWait(driver, 10)
            >>> element = wait.until(EC.visibility_of_element_located((By.ID, "exampleId")))
            >>> print(element.text)
        """
        screen = None
        stacktrace = None
    
        end_time = time.monotonic() + self._timeout
        while True:
            try:
                value = method(self._driver)
                if value:
                    return value
            except self._ignored_exceptions as exc:
                screen = getattr(exc, "screen", None)
                stacktrace = getattr(exc, "stacktrace", None)
            if time.monotonic() > end_time:
                break
            time.sleep(self._poll)
>       raise TimeoutException(message, screen, stacktrace)
E       selenium.common.exceptions.TimeoutException: Message:

/opt/hostedtoolcache/Python/3.11.15/x64/lib/python3.11/site-packages/selenium/webdriver/support/wait.py:121: TimeoutException
_______________________ test_registration_existing_user ________________________

browser = <selenium.webdriver.chrome.webdriver.WebDriver (session="55a49bfd5023d6801f60f4795f2567d9")>

    def test_registration_existing_user(browser):
        """Test registering with an already existing username."""
        browser.get("http://localhost:5173/")
        browser.execute_script("window.localStorage.clear();")
        browser.get("http://localhost:5173/login")
        time.sleep(1)
    
        # Create user first
        toggles = browser.find_elements("xpath", "//button[contains(text(), 'Register now')]")
        if toggles:
            toggles[0].click()
            time.sleep(0.5)
    
        browser.find_element("xpath", "//input[@name='full_name']").send_keys("Test User")
        unique_username = f"testuser_{uuid.uuid4().hex[:6]}"
        browser.find_element("xpath", "//input[@name='username']").send_keys(unique_username)
        browser.find_element("xpath", "//input[@name='email']").send_keys(f"{unique_username}@example.com")
        browser.find_element("xpath", "//input[@name='password']").send_keys("password123")
        browser.find_element("xpath", "//input[@name='confirmPassword']").send_keys("password123")
        browser.find_element("xpath", "//input[@name='privacy_consent']").click()
    
        submit_btn = browser.find_element("xpath", "//button[@type='submit']")
        submit_btn.click()
    
        # Logout
>       WebDriverWait(browser, 10).until(EC.url_contains("dashboard"))

tests/test_registration.py:62: 
_ _ _ _ _ _ _ _ _ _ _ _ _ _ _ _ _ _ _ _ _ _ _ _ _ _ _ _ _ _ _ _ _ _ _ _ _ _ _ _ 

self = <selenium.webdriver.support.wait.WebDriverWait (session="55a49bfd5023d6801f60f4795f2567d9")>
method = <function url_contains.<locals>._predicate at 0x7f64e8cb7740>
message = ''

    def until(self, method: Callable[[D], Literal[False] | T], message: str = "") -> T:
        """Wait until the method returns a value that is not False.
    
        Calls the method provided with the driver as an argument until the
        return value does not evaluate to ``False``.
    
        Args:
            method: A callable object that takes a WebDriver instance as an
                argument.
            message: Optional message for TimeoutException.
    
        Returns:
            The result of the last call to `method`.
    
        Raises:
            TimeoutException: If 'method' does not return a truthy value within
                the WebDriverWait object's timeout.
    
        Example:
            >>> from selenium.webdriver.common.by import By
            >>> from selenium.webdriver.support.ui import WebDriverWait
            >>> from selenium.webdriver.support import expected_conditions as EC
            >>>
            >>> # Wait until an element is visible on the page
            >>> wait = WebDriverWait(driver, 10)
            >>> element = wait.until(EC.visibility_of_element_located((By.ID, "exampleId")))
            >>> print(element.text)
        """
        screen = None
        stacktrace = None
    
        end_time = time.monotonic() + self._timeout
        while True:
            try:
                value = method(self._driver)
                if value:
                    return value
            except self._ignored_exceptions as exc:
                screen = getattr(exc, "screen", None)
                stacktrace = getattr(exc, "stacktrace", None)
            if time.monotonic() > end_time:
                break
            time.sleep(self._poll)
>       raise TimeoutException(message, screen, stacktrace)
E       selenium.common.exceptions.TimeoutException: Message:

/opt/hostedtoolcache/Python/3.11.15/x64/lib/python3.11/site-packages/selenium/webdriver/support/wait.py:121: TimeoutException
- generated xml file: /home/runner/work/neuro-behavioral-drift/neuro-behavioral-drift/reports/junit_registration.xml -
--------------------------------- JSON report ----------------------------------
report saved to: reports/report_registration.json
- Generated html report: file:///home/runner/work/neuro-behavioral-drift/neuro-behavioral-drift/reports/report_registration.html -
=========================== short test summary info ============================
FAILED tests/test_registration.py::test_valid_registration - selenium.common.exceptions.TimeoutException: Message:
FAILED tests/test_registration.py::test_registration_existing_user - selenium.common.exceptions.TimeoutException: Message:
========================= 2 failed, 1 passed in 29.72s =========================
